0 info it worked if it ends with ok
1 verbose cli [ 'C:\\Program Files\\nodejs\\node.exe',
1 verbose cli   'C:\\Program Files\\nodejs\\node_modules\\npm\\bin\\npm-cli.js',
1 verbose cli   'install',
1 verbose cli   '-g',
1 verbose cli   'node@10.15.1' ]
2 info using npm@2.15.9
3 info using node@v4.5.0
4 verbose install initial load of C:\Users\Yang\AppData\Roaming\npm\package.json
5 verbose readDependencies loading dependencies from C:\Users\Yang\AppData\Roaming\npm\package.json
6 silly cache add args [ 'node@10.15.1', null ]
7 verbose cache add spec node@10.15.1
8 silly cache add parsed spec Result {
8 silly cache add   raw: 'node@10.15.1',
8 silly cache add   scope: null,
8 silly cache add   name: 'node',
8 silly cache add   rawSpec: '10.15.1',
8 silly cache add   spec: '10.15.1',
8 silly cache add   type: 'version' }
9 silly addNamed node@10.15.1
10 verbose addNamed "10.15.1" is a plain semver version for node
11 silly mapToRegistry name node
12 silly mapToRegistry using default registry
13 silly mapToRegistry registry https://registry.npmjs.org/
14 silly mapToRegistry data Result {
14 silly mapToRegistry   raw: 'node',
14 silly mapToRegistry   scope: null,
14 silly mapToRegistry   name: 'node',
14 silly mapToRegistry   rawSpec: '',
14 silly mapToRegistry   spec: 'latest',
14 silly mapToRegistry   type: 'tag' }
15 silly mapToRegistry uri https://registry.npmjs.org/node
16 verbose addNameVersion registry:https://registry.npmjs.org/node not in flight; fetching
17 verbose request uri https://registry.npmjs.org/node
18 verbose request no auth needed
19 info attempt registry request try #1 at 10:32:23
20 verbose request id f9f001b1384b0b49
21 http request GET https://registry.npmjs.org/node
22 http 200 https://registry.npmjs.org/node
23 verbose headers { date: 'Sun, 03 Feb 2019 01:32:22 GMT',
23 verbose headers   'content-type': 'application/json',
23 verbose headers   'transfer-encoding': 'chunked',
23 verbose headers   connection: 'keep-alive',
23 verbose headers   'set-cookie': [ '__cfduid=da90e8bb5b0a1a1b82f341ce3a09336ca1549157542; expires=Mon, 03-Feb-20 01:32:22 GMT; path=/; domain=.registry.npmjs.org; HttpOnly' ],
23 verbose headers   'cf-cache-status': 'HIT',
23 verbose headers   'cache-control': 'max-age=300',
23 verbose headers   'cf-ray': '4a3124b399217a17-SEA',
23 verbose headers   etag: 'W/"bee8cc8af582a07fe4ea6e124b6a72c1"',
23 verbose headers   'expect-ct': 'max-age=604800, report-uri="https://report-uri.cloudflare.com/cdn-cgi/beacon/expect-ct"',
23 verbose headers   'last-modified': 'Fri, 01 Feb 2019 01:06:20 GMT',
23 verbose headers   vary: 'accept-encoding, accept',
23 verbose headers   'x-amz-meta-rev': '461-86b99bce4c295b22c7a835c1c297d61c',
23 verbose headers   server: 'cloudflare',
23 verbose headers   'content-encoding': 'gzip' }
24 silly get cb [ 200,
24 silly get   { date: 'Sun, 03 Feb 2019 01:32:22 GMT',
24 silly get     'content-type': 'application/json',
24 silly get     'transfer-encoding': 'chunked',
24 silly get     connection: 'keep-alive',
24 silly get     'set-cookie': [ '__cfduid=da90e8bb5b0a1a1b82f341ce3a09336ca1549157542; expires=Mon, 03-Feb-20 01:32:22 GMT; path=/; domain=.registry.npmjs.org; HttpOnly' ],
24 silly get     'cf-cache-status': 'HIT',
24 silly get     'cache-control': 'max-age=300',
24 silly get     'cf-ray': '4a3124b399217a17-SEA',
24 silly get     etag: 'W/"bee8cc8af582a07fe4ea6e124b6a72c1"',
24 silly get     'expect-ct': 'max-age=604800, report-uri="https://report-uri.cloudflare.com/cdn-cgi/beacon/expect-ct"',
24 silly get     'last-modified': 'Fri, 01 Feb 2019 01:06:20 GMT',
24 silly get     vary: 'accept-encoding, accept',
24 silly get     'x-amz-meta-rev': '461-86b99bce4c295b22c7a835c1c297d61c',
24 silly get     server: 'cloudflare',
24 silly get     'content-encoding': 'gzip' } ]
25 verbose get saving node to C:\Users\Yang\AppData\Roaming\npm-cache\registry.npmjs.org\node\.cache.json
26 verbose correctMkdir C:\Users\Yang\AppData\Roaming\npm-cache correctMkdir not in flight; initializing
27 silly mapToRegistry name node
28 silly mapToRegistry using default registry
29 silly mapToRegistry registry https://registry.npmjs.org/
30 silly mapToRegistry data Result {
30 silly mapToRegistry   raw: 'node',
30 silly mapToRegistry   scope: null,
30 silly mapToRegistry   name: 'node',
30 silly mapToRegistry   rawSpec: '',
30 silly mapToRegistry   spec: 'latest',
30 silly mapToRegistry   type: 'tag' }
31 silly mapToRegistry uri https://registry.npmjs.org/node
32 verbose addRemoteTarball https://registry.npmjs.org/node/-/node-10.15.1.tgz not in flight; adding
33 verbose addRemoteTarball [ 'https://registry.npmjs.org/node/-/node-10.15.1.tgz',
33 verbose addRemoteTarball   '8cdb329134141a3b796a31f1d0206e35b9be841e' ]
34 info retry fetch attempt 1 at 10:32:24
35 info attempt registry request try #1 at 10:32:24
36 http fetch GET https://registry.npmjs.org/node/-/node-10.15.1.tgz
37 http fetch 200 https://registry.npmjs.org/node/-/node-10.15.1.tgz
38 silly fetchAndShaCheck shasum 8cdb329134141a3b796a31f1d0206e35b9be841e
39 verbose addTmpTarball C:\Users\Yang\AppData\Local\Temp\npm-11896-b4789dde\registry.npmjs.org\node\-\node-10.15.1.tgz not in flight; adding
40 verbose addTmpTarball already have metadata; skipping unpack for node@10.15.1
41 verbose correctMkdir C:\Users\Yang\AppData\Roaming\npm-cache correctMkdir not in flight; initializing
42 silly cache afterAdd node@10.15.1
43 verbose afterAdd C:\Users\Yang\AppData\Roaming\npm-cache\node\10.15.1\package\package.json not in flight; writing
44 verbose correctMkdir C:\Users\Yang\AppData\Roaming\npm-cache correctMkdir not in flight; initializing
45 verbose afterAdd C:\Users\Yang\AppData\Roaming\npm-cache\node\10.15.1\package\package.json written
46 silly install resolved [ { name: 'node',
46 silly install resolved     version: '10.15.1',
46 silly install resolved     description: 'node',
46 silly install resolved     main: 'index.js',
46 silly install resolved     keywords: [ 'runtime' ],
46 silly install resolved     repository:
46 silly install resolved      { type: 'git',
46 silly install resolved        url: 'git+https://github.com/aredridel/node-bin-gen.git' },
46 silly install resolved     scripts: { preinstall: 'node installArchSpecificPackage' },
46 silly install resolved     bin: { node: 'bin/node' },
46 silly install resolved     dependencies: { 'node-bin-setup': '^1.0.0' },
46 silly install resolved     license: 'ISC',
46 silly install resolved     author: '',
46 silly install resolved     engines: { npm: '>=5.0.0' },
46 silly install resolved     readme: 'node\n========\n\nInstalls a `node` binary into your project, which because `npm` runs scripts with the local `./node_modules/.bin` in the `PATH` ahead of the system copy means you can have a local version of node that is different than your system\'s, and manage node as a normal dependency.\n\nWarning: don\'t install this globally with npm 2. `npm@2` immediately removes node, then can\'t run the scripts that make this work.\n\nUse\n---\n\n```\nnpm i node@lts\n```\n\nUse with `npx`\n--------------\n\n```\nnpx node@4 myscript.js\n```\n\nThis will run `myscript.js` with the latest version of node from the v4 major.\n\nUsing the shell auto-fallback of npx, you can even do it like so:\n\n\n```\nnode@4 myscript.js\n```\n\nThanks\n------\n\nMajor thanks to Kat Marchán for late-night problem solving, and to CJ Silverio and Maciej Małecki for egging me on way back when I had the idea to package node up this way. It does turn out if you ask "why _not_?!" once in a while something fun happens.\n',
46 silly install resolved     readmeFilename: 'README.md',
46 silly install resolved     bugs: { url: 'https://github.com/aredridel/node-bin-gen/issues' },
46 silly install resolved     homepage: 'https://github.com/aredridel/node-bin-gen#readme',
46 silly install resolved     _id: 'node@10.15.1',
46 silly install resolved     _nodeVersion: '11.7.0',
46 silly install resolved     _npmVersion: '6.6.0',
46 silly install resolved     _npmUser: { name: 'aredridel', email: 'aredridel@dinhe.net' },
46 silly install resolved     dist:
46 silly install resolved      { integrity: 'sha512-F8ZBPpGsFEJf6sKNoK5pnkTHnzEfOZHu/wZpdARCU21Z9cZz7kf1K8SkSz1zwLSAS+G4nSOSuC1OEAQRC4MtKg==',
46 silly install resolved        shasum: '8cdb329134141a3b796a31f1d0206e35b9be841e',
46 silly install resolved        tarball: 'https://registry.npmjs.org/node/-/node-10.15.1.tgz',
46 silly install resolved        fileCount: 3,
46 silly install resolved        unpackedSize: 1477,
46 silly install resolved        'npm-signature': '-----BEGIN PGP SIGNATURE-----\r\nVersion: OpenPGP.js v3.0.4\r\nComment: https://openpgpjs.org\r\n\r\nwsFcBAEBCAAQBQJcUQSLCRA9TVsSAnZWagAA2CMP/1ty+sYFmeg+MslO2FHf\nuHfXe/R3tHSJZcli++wJknNPx/xwztbuD5pSisFhNIgQPywogDQwYN72LGbx\nM0eS0UYXo0WHFSyJKaSopYH7ERTFC/laYf9++Z5DanpUVBHuw+H63BKBXcSc\np0eJXCWlhny/9nI/+2zVQq1KWEQVDoHejNPNQqarHtCc5Kt75vi34GMaJwYF\nqQea2rHSSbvB+0bfWx0bNBeLwJsKAcHTll0rSN3hwqJnbgVBEJ4MPcoZoCoG\nbcddNEWmUR9hs++LJUERnMj7e2U86Wp0lJU4+MSFIAbph2K7XQjqr8B7zJbz\nbQCjRLRH5setksW0RtMlYQmbDrYU0fS0lwYgfjRpd3LJ2x8+RhuTblDF6tv4\nlUMnCmlgU0oxx5en+xKqoDIyTlXZwV3ZsFEQwyFfWsAQSJiLYJ9ajZU+lmh/\nS+8hfXGXISZfvrqdMUVzrNLNe/Wwt1XKEgdzbACkUTTJg5zYqumIYqDsEp9x\nfbFm6ESZCNuWS1Qgw5yQ33P+0RtFNrbwQpWiH4MIYcz3eBgd2x7ssZW5iytH\nJyeKNl2LtK9zBET08O0hhpmhKjRzvx7AExfbXGaYS5TYbDDD7tF5TPc8VgOw\nvI4/9Yozahwq9UGv2dBeBvnSjnTJH7ehiJ96GyAEPD/fNSJQsaPd4c5dXy6+\nO7uD\r\n=YB1C\r\n-----END PGP SIGNATURE-----\r\n' },
46 silly install resolved     maintainers: [ [Object], [Object] ],
46 silly install resolved     directories: {},
46 silly install resolved     _npmOperationalInternal:
46 silly install resolved      { host: 's3://npm-registry-packages',
46 silly install resolved        tmp: 'tmp/node_10.15.1_1548813450620_0.21961403647790556' },
46 silly install resolved     _hasShrinkwrap: false,
46 silly install resolved     _shasum: '8cdb329134141a3b796a31f1d0206e35b9be841e',
46 silly install resolved     _resolved: 'https://registry.npmjs.org/node/-/node-10.15.1.tgz',
46 silly install resolved     _from: 'node@10.15.1' } ]
47 info install node@10.15.1 into C:\Users\Yang\AppData\Roaming\npm
48 info installOne node@10.15.1
49 verbose installOne of node to C:\Users\Yang\AppData\Roaming\npm not in flight; installing
50 verbose correctMkdir C:\Users\Yang\AppData\Roaming\npm-cache\_locks correctMkdir not in flight; initializing
51 verbose lock using C:\Users\Yang\AppData\Roaming\npm-cache\_locks\node-2fdef19bd4bdfaa1.lock for C:\Users\Yang\AppData\Roaming\npm\node_modules\node
52 warn engine node@10.15.1: wanted: {"npm":">=5.0.0"} (current: {"node":"4.5.0","npm":"2.15.9"})
53 silly install write writing node 10.15.1 to C:\Users\Yang\AppData\Roaming\npm\node_modules\node
54 verbose unbuild node_modules\node
55 silly gentlyRm C:\Users\Yang\AppData\Roaming\npm\node_modules\node is being purged from base C:\Users\Yang\AppData\Roaming\npm
56 verbose gentlyRm don't care about contents; nuking C:\Users\Yang\AppData\Roaming\npm\node_modules\node
57 verbose tar unpack C:\Users\Yang\AppData\Roaming\npm-cache\node\10.15.1\package.tgz
58 verbose tar unpacking to C:\Users\Yang\AppData\Roaming\npm\node_modules\node
59 silly gentlyRm C:\Users\Yang\AppData\Roaming\npm\node_modules\node is being purged
60 verbose gentlyRm don't care about contents; nuking C:\Users\Yang\AppData\Roaming\npm\node_modules\node
61 silly gunzTarPerm modes [ '777', '666' ]
62 silly gunzTarPerm extractEntry package.json
63 silly gunzTarPerm modified mode [ 'package.json', 420, 438 ]
64 silly gunzTarPerm extractEntry installArchSpecificPackage.js
65 silly gunzTarPerm modified mode [ 'installArchSpecificPackage.js', 420, 438 ]
66 silly gunzTarPerm extractEntry README.md
67 silly gunzTarPerm modified mode [ 'README.md', 420, 438 ]
68 verbose write writing to C:\Users\Yang\AppData\Roaming\npm\node_modules\node\package.json
69 info preinstall node@10.15.1
70 verbose unsafe-perm in lifecycle true
71 info node@10.15.1 Failed to exec preinstall script
72 verbose unlock done using C:\Users\Yang\AppData\Roaming\npm-cache\_locks\node-2fdef19bd4bdfaa1.lock for C:\Users\Yang\AppData\Roaming\npm\node_modules\node
73 verbose stack Error: node@10.15.1 preinstall: `node installArchSpecificPackage`
73 verbose stack Exit status 1
73 verbose stack     at EventEmitter.<anonymous> (C:\Program Files\nodejs\node_modules\npm\lib\utils\lifecycle.js:217:16)
73 verbose stack     at emitTwo (events.js:87:13)
73 verbose stack     at EventEmitter.emit (events.js:172:7)
73 verbose stack     at ChildProcess.<anonymous> (C:\Program Files\nodejs\node_modules\npm\lib\utils\spawn.js:24:14)
73 verbose stack     at emitTwo (events.js:87:13)
73 verbose stack     at ChildProcess.emit (events.js:172:7)
73 verbose stack     at maybeClose (internal/child_process.js:829:16)
73 verbose stack     at Process.ChildProcess._handle.onexit (internal/child_process.js:211:5)
74 verbose pkgid node@10.15.1
75 verbose cwd C:\Users\Yang\electron\mods
76 error Windows_NT 10.0.17134
77 error argv "C:\\Program Files\\nodejs\\node.exe" "C:\\Program Files\\nodejs\\node_modules\\npm\\bin\\npm-cli.js" "install" "-g" "node@10.15.1"
78 error node v4.5.0
79 error npm  v2.15.9
80 error code ELIFECYCLE
81 error node@10.15.1 preinstall: `node installArchSpecificPackage`
81 error Exit status 1
82 error Failed at the node@10.15.1 preinstall script 'node installArchSpecificPackage'.
82 error This is most likely a problem with the node package,
82 error not with npm itself.
82 error Tell the author that this fails on your system:
82 error     node installArchSpecificPackage
82 error You can get information on how to open an issue for this project with:
82 error     npm bugs node
82 error Or if that isn't available, you can get their info via:
82 error
82 error     npm owner ls node
82 error There is likely additional logging output above.
83 verbose exit [ 1, true ]
84 verbose unbuild node_modules\node
85 info preuninstall node@10.15.1
86 info uninstall node@10.15.1
87 verbose unbuild rmStuff node@10.15.1 from C:\Users\Yang\AppData\Roaming\npm\node_modules
88 silly gentlyRm C:\Users\Yang\AppData\Roaming\npm\node.cmd is being gently removed
89 silly gentlyRm verifying C:\Users\Yang\AppData\Roaming\npm is an npm working directory
90 silly gentlyRm containing path C:\Users\Yang\AppData\Roaming\npm is under npm's control, in C:\Users\Yang\AppData\Roaming\npm
91 silly gentlyRm deletion target C:\Users\Yang\AppData\Roaming\npm\node.cmd is under C:\Users\Yang\AppData\Roaming\npm
92 verbose gentlyRm vacuuming from C:\Users\Yang\AppData\Roaming\npm\node.cmd up to C:\Users\Yang\AppData\Roaming\npm
93 silly gentlyRm C:\Users\Yang\AppData\Roaming\npm\node is being gently removed
94 silly gentlyRm verifying C:\Users\Yang\AppData\Roaming\npm is an npm working directory
95 silly gentlyRm containing path C:\Users\Yang\AppData\Roaming\npm is under npm's control, in C:\Users\Yang\AppData\Roaming\npm
96 silly gentlyRm deletion target C:\Users\Yang\AppData\Roaming\npm\node is under C:\Users\Yang\AppData\Roaming\npm
97 verbose gentlyRm vacuuming from C:\Users\Yang\AppData\Roaming\npm\node up to C:\Users\Yang\AppData\Roaming\npm
98 info postuninstall node@10.15.1
99 silly gentlyRm C:\Users\Yang\AppData\Roaming\npm\node_modules\node is being purged from base C:\Users\Yang\AppData\Roaming\npm
100 verbose gentlyRm don't care about contents; nuking C:\Users\Yang\AppData\Roaming\npm\node_modules\node
101 silly vacuum-fs purging C:\Users\Yang\AppData\Roaming\npm\node_modules\node
102 silly vacuum-fs quitting because other entries in C:\Users\Yang\AppData\Roaming\npm\node_modules
